<?xml version="1.0" encoding="UTF-8"?>
<!-- Generated by org.testng.reporters.JUnitXMLReporter -->
<testsuite ignored="0" hostname="DESKTOP-NLEUQUR" failures="0" tests="3" name="API Tests" time="5.22" errors="0" timestamp="2024-12-01T00:33:59 EST">
  <testcase classname="assignment4.ApiTest" name="testAllPosts" time="4.734"/>
  <testcase classname="assignment4.ApiTest" name="testGetRequest" time="0.118"/>
  <testcase classname="assignment4.ApiTest" name="testPostRequest" time="0.227"/>
</testsuite> <!-- API Tests -->
