<?xml version="1.0" encoding="UTF-8"?>
<!-- Generated by org.testng.reporters.JUnitXMLReporter -->
<testsuite ignored="0" hostname="LAPTOP-N5G9HFCF" failures="0" tests="3" name="Default test" time="1.849" errors="0" timestamp="2024-12-03T06:36:39 IST">
  <testcase classname="assignment4.ApiTest" name="testAllPosts" time="1.3"/>
  <testcase classname="assignment4.ApiTest" name="testGetRequest" time="0.063"/>
  <testcase classname="assignment4.ApiTest" name="testPostRequest" time="0.46"/>
</testsuite> <!-- Default test -->
